  SceneManager.cpp
U:\CS330Content\Projects\7-1_FinalProjectMilestones\Source\SceneManager.cpp(223,16): warning C4018: '<': signed/unsigned mismatch
U:\CS330Content\Projects\7-1_FinalProjectMilestones\Source\SceneManager.cpp(464,30): warning C4305: '=': truncation from 'double' to 'float'
U:\CS330Content\Projects\7-1_FinalProjectMilestones\Source\SceneManager.cpp(488,28): warning C4305: '=': truncation from 'double' to 'float'
U:\CS330Content\Projects\7-1_FinalProjectMilestones\Source\SceneManager.cpp(897,29): warning C4305: 'argument': truncation from 'double' to 'float'
U:\CS330Content\Projects\7-1_FinalProjectMilestones\Source\SceneManager.cpp(897,25): warning C4305: 'argument': truncation from 'double' to 'float'
U:\CS330Content\Projects\7-1_FinalProjectMilestones\Source\SceneManager.cpp(897,21): warning C4305: 'argument': truncation from 'double' to 'float'
U:\CS330Content\Projects\7-1_FinalProjectMilestones\Source\SceneManager.cpp(897,17): warning C4305: 'argument': truncation from 'double' to 'float'
U:\CS330Content\Projects\7-1_FinalProjectMilestones\Source\SceneManager.cpp(925,29): warning C4305: 'argument': truncation from 'double' to 'float'
U:\CS330Content\Projects\7-1_FinalProjectMilestones\Source\SceneManager.cpp(925,25): warning C4305: 'argument': truncation from 'double' to 'float'
U:\CS330Content\Projects\7-1_FinalProjectMilestones\Source\SceneManager.cpp(925,21): warning C4305: 'argument': truncation from 'double' to 'float'
U:\CS330Content\Projects\7-1_FinalProjectMilestones\Source\SceneManager.cpp(925,17): warning C4305: 'argument': truncation from 'double' to 'float'
U:\CS330Content\Projects\7-1_FinalProjectMilestones\Source\SceneManager.cpp(982,29): warning C4305: 'argument': truncation from 'double' to 'float'
U:\CS330Content\Projects\7-1_FinalProjectMilestones\Source\SceneManager.cpp(982,25): warning C4305: 'argument': truncation from 'double' to 'float'
U:\CS330Content\Projects\7-1_FinalProjectMilestones\Source\SceneManager.cpp(982,21): warning C4305: 'argument': truncation from 'double' to 'float'
U:\CS330Content\Projects\7-1_FinalProjectMilestones\Source\SceneManager.cpp(982,17): warning C4305: 'argument': truncation from 'double' to 'float'
U:\CS330Content\Projects\7-1_FinalProjectMilestones\Source\SceneManager.cpp(1093,29): warning C4305: 'argument': truncation from 'double' to 'float'
U:\CS330Content\Projects\7-1_FinalProjectMilestones\Source\SceneManager.cpp(1093,25): warning C4305: 'argument': truncation from 'double' to 'float'
U:\CS330Content\Projects\7-1_FinalProjectMilestones\Source\SceneManager.cpp(1093,21): warning C4305: 'argument': truncation from 'double' to 'float'
U:\CS330Content\Projects\7-1_FinalProjectMilestones\Source\SceneManager.cpp(1093,17): warning C4305: 'argument': truncation from 'double' to 'float'
U:\CS330Content\Projects\7-1_FinalProjectMilestones\Source\SceneManager.cpp(1260,29): warning C4305: 'argument': truncation from 'double' to 'float'
U:\CS330Content\Projects\7-1_FinalProjectMilestones\Source\SceneManager.cpp(1261,29): warning C4305: 'argument': truncation from 'double' to 'float'
U:\CS330Content\Projects\7-1_FinalProjectMilestones\Source\SceneManager.cpp(1261,16): warning C4305: 'argument': truncation from 'double' to 'float'
U:\CS330Content\Projects\7-1_FinalProjectMilestones\Source\SceneManager.cpp(1262,29): warning C4305: 'argument': truncation from 'double' to 'float'
U:\CS330Content\Projects\7-1_FinalProjectMilestones\Source\SceneManager.cpp(1263,26): warning C4305: 'argument': truncation from 'double' to 'float'
U:\CS330Content\Projects\7-1_FinalProjectMilestones\Source\SceneManager.cpp(1266,28): warning C4305: 'argument': truncation from 'double' to 'float'
U:\CS330Content\Projects\7-1_FinalProjectMilestones\Source\SceneManager.cpp(1266,20): warning C4305: 'argument': truncation from 'double' to 'float'
U:\CS330Content\Projects\7-1_FinalProjectMilestones\Source\SceneManager.cpp(1267,28): warning C4305: 'argument': truncation from 'double' to 'float'
U:\CS330Content\Projects\7-1_FinalProjectMilestones\Source\SceneManager.cpp(1267,20): warning C4305: 'argument': truncation from 'double' to 'float'
U:\CS330Content\Projects\7-1_FinalProjectMilestones\Source\SceneManager.cpp(1268,29): warning C4305: 'argument': truncation from 'double' to 'float'
U:\CS330Content\Projects\7-1_FinalProjectMilestones\Source\SceneManager.cpp(1268,21): warning C4305: 'argument': truncation from 'double' to 'float'
U:\CS330Content\Projects\7-1_FinalProjectMilestones\Source\SceneManager.cpp(1269,29): warning C4305: 'argument': truncation from 'double' to 'float'
U:\CS330Content\Projects\7-1_FinalProjectMilestones\Source\SceneManager.cpp(1269,21): warning C4305: 'argument': truncation from 'double' to 'float'
U:\CS330Content\Projects\7-1_FinalProjectMilestones\Source\SceneManager.cpp(1269,16): warning C4305: 'argument': truncation from 'double' to 'float'
U:\CS330Content\Projects\7-1_FinalProjectMilestones\Source\SceneManager.cpp(1270,30): warning C4305: 'argument': truncation from 'double' to 'float'
U:\CS330Content\Projects\7-1_FinalProjectMilestones\Source\SceneManager.cpp(1270,21): warning C4305: 'argument': truncation from 'double' to 'float'
U:\CS330Content\Projects\7-1_FinalProjectMilestones\Source\SceneManager.cpp(1270,16): warning C4305: 'argument': truncation from 'double' to 'float'
U:\CS330Content\Projects\7-1_FinalProjectMilestones\Source\SceneManager.cpp(1273,28): warning C4305: 'argument': truncation from 'double' to 'float'
U:\CS330Content\Projects\7-1_FinalProjectMilestones\Source\SceneManager.cpp(1273,20): warning C4305: 'argument': truncation from 'double' to 'float'
U:\CS330Content\Projects\7-1_FinalProjectMilestones\Source\SceneManager.cpp(1274,28): warning C4305: 'argument': truncation from 'double' to 'float'
U:\CS330Content\Projects\7-1_FinalProjectMilestones\Source\SceneManager.cpp(1274,20): warning C4305: 'argument': truncation from 'double' to 'float'
U:\CS330Content\Projects\7-1_FinalProjectMilestones\Source\SceneManager.cpp(1275,28): warning C4305: 'argument': truncation from 'double' to 'float'
U:\CS330Content\Projects\7-1_FinalProjectMilestones\Source\SceneManager.cpp(1275,20): warning C4305: 'argument': truncation from 'double' to 'float'
U:\CS330Content\Projects\7-1_FinalProjectMilestones\Source\SceneManager.cpp(1276,28): warning C4305: 'argument': truncation from 'double' to 'float'
U:\CS330Content\Projects\7-1_FinalProjectMilestones\Source\SceneManager.cpp(1276,20): warning C4305: 'argument': truncation from 'double' to 'float'
U:\CS330Content\Projects\7-1_FinalProjectMilestones\Source\SceneManager.cpp(1277,29): warning C4305: 'argument': truncation from 'double' to 'float'
U:\CS330Content\Projects\7-1_FinalProjectMilestones\Source\SceneManager.cpp(1277,21): warning C4305: 'argument': truncation from 'double' to 'float'
U:\CS330Content\Projects\7-1_FinalProjectMilestones\Source\SceneManager.cpp(1278,29): warning C4305: 'argument': truncation from 'double' to 'float'
U:\CS330Content\Projects\7-1_FinalProjectMilestones\Source\SceneManager.cpp(1278,21): warning C4305: 'argument': truncation from 'double' to 'float'
U:\CS330Content\Projects\7-1_FinalProjectMilestones\Source\SceneManager.cpp(1279,29): warning C4305: 'argument': truncation from 'double' to 'float'
U:\CS330Content\Projects\7-1_FinalProjectMilestones\Source\SceneManager.cpp(1279,21): warning C4305: 'argument': truncation from 'double' to 'float'
U:\CS330Content\Projects\7-1_FinalProjectMilestones\Source\SceneManager.cpp(1282,31): warning C4305: 'argument': truncation from 'double' to 'float'
U:\CS330Content\Projects\7-1_FinalProjectMilestones\Source\SceneManager.cpp(1282,26): warning C4305: 'argument': truncation from 'double' to 'float'
U:\CS330Content\Projects\7-1_FinalProjectMilestones\Source\SceneManager.cpp(1282,16): warning C4305: 'argument': truncation from 'double' to 'float'
  7-1_FinalProjectMilestones.vcxproj -> U:\CS330Content\Projects\7-1_FinalProjectMilestones\Debug\7-1_FinalProjectMilestones.exe
